<?xml version="1.0" encoding="UTF-8"?>
<!-- Generated by org.testng.reporters.JUnitXMLReporter -->
<testsuite ignored="0" hostname="Shashank-Laptop" failures="0" tests="7" name="Surefire test" time="0.064" errors="0" timestamp="2026-09-17T12:20:51 IST">
  <testcase classname="selenium.advance.UsingTestNg.HelpAttributeTest" name="login" time="0.005"/>
  <testcase classname="selenium.advance.UsingTestNg.HelpAttributeTest" name="login" time="0.001"/>
  <testcase classname="selenium.advance.UsingTestNg.HelpAttributeTest" name="login" time="0.001"/>
  <testcase classname="selenium.advance.UsingTestNg.HelpAttributeTest" name="Register" time="0.0"/>
  <testcase classname="selenium.advance.UsingTestNg.HelpAttributeTest" name="Wishlist" time="0.0"/>
  <testcase classname="selenium.advance.UsingTestNg.HelpAttributeTest" name="Addcart" time="0.001"/>
  <testcase classname="selenium.advance.UsingTestNg.SampleTest" name="sampletest" time="0.001"/>
</testsuite> <!-- Surefire test -->
