<?xml version="1.0" encoding="UTF-8"?>
<!-- Generated by org.testng.reporters.JUnitXMLReporter -->
<testsuite ignored="4" hostname="Shashank-Laptop" failures="0" tests="2" name="SauceDemo Tests" time="9.842" errors="0" timestamp="2026-09-18T10:17:51 IST">
  <testcase classname="selenium.advance.UsingTestNg.SauceTest" name="loginTest" time="2.791"/>
  <testcase classname="selenium.advance.UsingTestNg.SauceTestOne" name="oderPalcementTest" time="1.22"/>
  <testcase classname="selenium.advance.BaseClassUtility.BaseClass1" name="@AfterTest At" time="0.0">
    <ignored/>
  </testcase> <!-- @AfterTest At -->
  <testcase classname="selenium.advance.BaseClassUtility.BaseClass1" name="@BeforeTest Bt" time="0.0">
    <ignored/>
  </testcase> <!-- @BeforeTest Bt -->
  <testcase classname="selenium.advance.BaseClassUtility.BaseClass1" name="@AfterSuite As" time="0.0">
    <ignored/>
  </testcase> <!-- @AfterSuite As -->
  <testcase classname="selenium.advance.BaseClassUtility.BaseClass1" name="@BeforeSuite Bs" time="0.0">
    <ignored/>
  </testcase> <!-- @BeforeSuite Bs -->
</testsuite> <!-- SauceDemo Tests -->
