<?xml version="1.0" encoding="UTF-8"?>
<testng-results ignored="0" total="2" passed="2" failed="0" skipped="0">
  <reporter-output>
  </reporter-output>
  <suite started-at="2026-09-18T10:17:41 IST" name="BatchExecution" finished-at="2026-09-18T10:17:51 IST" duration-ms="9842">
    <groups>
    </groups>
    <test started-at="2026-09-18T10:17:41 IST" name="SauceDemo Tests" finished-at="2026-09-18T10:17:51 IST" duration-ms="9842">
      <class name="selenium.advance.UsingTestNg.SauceTest">
        <test-method is-config="true" signature="Bs()[pri:0, instance:selenium.advance.UsingTestNg.SauceTest@4b14c583]" started-at="2026-09-18T10:17:41 IST" name="Bs" finished-at="2026-09-18T10:17:41 IST" duration-ms="17" status="PASS">
          <reporter-output>
          </reporter-output>
        </test-method> <!-- Bs -->
        <test-method is-config="true" signature="Bt()[pri:0, instance:selenium.advance.UsingTestNg.SauceTest@4b14c583]" started-at="2026-09-18T10:17:41 IST" name="Bt" finished-at="2026-09-18T10:17:41 IST" duration-ms="0" status="PASS">
          <reporter-output>
          </reporter-output>
        </test-method> <!-- Bt -->
        <test-method is-config="true" signature="Bc()[pri:0, instance:selenium.advance.UsingTestNg.SauceTest@4b14c583]" started-at="2026-09-18T10:17:41 IST" name="Bc" finished-at="2026-09-18T10:17:41 IST" duration-ms="0" status="PASS">
          <reporter-output>
          </reporter-output>
        </test-method> <!-- Bc -->
        <test-method is-config="true" signature="Bm()[pri:0, instance:selenium.advance.UsingTestNg.SauceTest@4b14c583]" started-at="2026-09-18T10:17:41 IST" name="Bm" finished-at="2026-09-18T10:17:45 IST" duration-ms="3476" status="PASS">
          <reporter-output>
          </reporter-output>
        </test-method> <!-- Bm -->
        <test-method signature="loginTest()[pri:0, instance:selenium.advance.UsingTestNg.SauceTest@4b14c583]" started-at="2026-09-18T10:17:45 IST" name="loginTest" finished-at="2026-09-18T10:17:48 IST" duration-ms="2791" status="PASS">
          <reporter-output>
          </reporter-output>
        </test-method> <!-- loginTest -->
        <test-method is-config="true" signature="Am()[pri:0, instance:selenium.advance.UsingTestNg.SauceTest@4b14c583]" started-at="2026-09-18T10:17:48 IST" name="Am" finished-at="2026-09-18T10:17:48 IST" duration-ms="1" status="PASS">
          <reporter-output>
          </reporter-output>
        </test-method> <!-- Am -->
        <test-method is-config="true" signature="Ac()[pri:0, instance:selenium.advance.UsingTestNg.SauceTest@4b14c583]" started-at="2026-09-18T10:17:48 IST" name="Ac" finished-at="2026-09-18T10:17:48 IST" duration-ms="395" status="PASS">
          <reporter-output>
          </reporter-output>
        </test-method> <!-- Ac -->
        <test-method is-config="true" signature="At()[pri:0, instance:selenium.advance.UsingTestNg.SauceTest@4b14c583]" started-at="2026-09-18T10:17:51 IST" name="At" finished-at="2026-09-18T10:17:51 IST" duration-ms="2" status="PASS">
          <reporter-output>
          </reporter-output>
        </test-method> <!-- At -->
        <test-method is-config="true" signature="As()[pri:0, instance:selenium.advance.UsingTestNg.SauceTest@4b14c583]" started-at="2026-09-18T10:17:51 IST" name="As" finished-at="2026-09-18T10:17:51 IST" duration-ms="2" status="PASS">
          <reporter-output>
          </reporter-output>
        </test-method> <!-- As -->
      </class> <!-- selenium.advance.UsingTestNg.SauceTest -->
      <class name="selenium.advance.UsingTestNg.SauceTestOne">
        <test-method is-config="true" signature="Bc()[pri:0, instance:selenium.advance.UsingTestNg.SauceTestOne@2ea227af]" started-at="2026-09-18T10:17:48 IST" name="Bc" finished-at="2026-09-18T10:17:48 IST" duration-ms="1" status="PASS">
          <reporter-output>
          </reporter-output>
        </test-method> <!-- Bc -->
        <test-method is-config="true" signature="Bm()[pri:0, instance:selenium.advance.UsingTestNg.SauceTestOne@2ea227af]" started-at="2026-09-18T10:17:48 IST" name="Bm" finished-at="2026-09-18T10:17:50 IST" duration-ms="1667" status="PASS">
          <reporter-output>
          </reporter-output>
        </test-method> <!-- Bm -->
        <test-method signature="oderPalcementTest()[pri:0, instance:selenium.advance.UsingTestNg.SauceTestOne@2ea227af]" started-at="2026-09-18T10:17:50 IST" name="oderPalcementTest" finished-at="2026-09-18T10:17:51 IST" duration-ms="1220" status="PASS">
          <reporter-output>
          </reporter-output>
        </test-method> <!-- oderPalcementTest -->
        <test-method is-config="true" signature="Am()[pri:0, instance:selenium.advance.UsingTestNg.SauceTestOne@2ea227af]" started-at="2026-09-18T10:17:51 IST" name="Am" finished-at="2026-09-18T10:17:51 IST" duration-ms="1" status="PASS">
          <reporter-output>
          </reporter-output>
        </test-method> <!-- Am -->
        <test-method is-config="true" signature="Ac()[pri:0, instance:selenium.advance.UsingTestNg.SauceTestOne@2ea227af]" started-at="2026-09-18T10:17:51 IST" name="Ac" finished-at="2026-09-18T10:17:51 IST" duration-ms="232" status="PASS">
          <reporter-output>
          </reporter-output>
        </test-method> <!-- Ac -->
      </class> <!-- selenium.advance.UsingTestNg.SauceTestOne -->
    </test> <!-- SauceDemo Tests -->
  </suite> <!-- BatchExecution -->
</testng-results>
