<?xml version="1.0" encoding="UTF-8"?>
<testsuite xmlns:xsi="http://www.w3.org/2001/XMLSchema-instance" xsi:noNamespaceSchemaLocation="https://maven.apache.org/surefire/maven-surefire-plugin/xsd/surefire-test-report.xsd" version="3.0.2" name="TestSuite" time="10.504" tests="2" errors="0" skipped="0" failures="0">
  <properties>
[...]
</properties>
  <testcase name="loginTest" classname="selenium.advance.UsingTestNg.SauceTest" time="2.773">
    <system-out><![CDATA[open DataBase connectivity
pre-conditions
Launch the browser
2026-09-18T04:47:45.543341800Z main ERROR Log4j API could not find a logging provider.
Products page is displayed
Login test passed
]]></system-out>
    <system-err><![CDATA[SLF4J(W): No SLF4J providers were found.
SLF4J(W): Defaulting to no-operation (NOP) logger implementation
SLF4J(W): See https://www.slf4j.org/codes.html#noProviders for further details.
Sept 18, 2026 10:17:44 AM org.openqa.selenium.devtools.CdpVersionFinder findNearestMatch
WARNING: Unable to find an exact match for CDP version 153, returning the closest version; found: 150; Please update to a Selenium version that supports CDP version 153
]]></system-err>
  </testcase>
  <testcase name="oderPalcementTest" classname="selenium.advance.UsingTestNg.SauceTestOne" time="1.223">
    <system-out><![CDATA[logout method
close the browser
Launch the browser
Products page is displayed
Sauce Labs Backpack added to cart
Cart contains 1 item
Sauce Labs Backpack is displayed in cart
Checkout: Overview page is displayed
Thank you for your order!
Order placement test passed
]]></system-out>
    <system-err><![CDATA[Sept 18, 2026 10:17:49 AM org.openqa.selenium.devtools.CdpVersionFinder findNearestMatch
WARNING: Unable to find an exact match for CDP version 153, returning the closest version; found: 150; Please update to a Selenium version that supports CDP version 153
]]></system-err>
  </testcase>
</testsuite>