<?xml version="1.0" encoding="UTF-8"?>
<!-- Generated by org.testng.reporters.JUnitReportReporter -->
<testsuite hostname="Shashank-Laptop" failures="0" tests="6" name="selenium.advance.UsingTestNg.HelpAttributeTest" time="0.008" errors="0" timestamp="2026-09-17T12:20:52 IST" skipped="0">
  <testcase classname="selenium.advance.UsingTestNg.HelpAttributeTest" name="login" time="0.001">
    <system-out>
      <![CDATA[login]]>
    </system-out>
  </testcase> <!-- login -->
  <testcase classname="selenium.advance.UsingTestNg.HelpAttributeTest" name="login" time="0.005">
    <system-out>
      <![CDATA[login]]>
    </system-out>
  </testcase> <!-- login -->
  <testcase classname="selenium.advance.UsingTestNg.HelpAttributeTest" name="login" time="0.001">
    <system-out>
      <![CDATA[login]]>
    </system-out>
  </testcase> <!-- login -->
  <testcase classname="selenium.advance.UsingTestNg.HelpAttributeTest" name="Register" time="0.000">
    <system-out>
      <![CDATA[register]]>
    </system-out>
  </testcase> <!-- Register -->
  <testcase classname="selenium.advance.UsingTestNg.HelpAttributeTest" name="Wishlist" time="0.000">
    <system-out>
      <![CDATA[wishlist]]>
    </system-out>
  </testcase> <!-- Wishlist -->
  <testcase classname="selenium.advance.UsingTestNg.HelpAttributeTest" name="Addcart" time="0.001">
    <system-out>
      <![CDATA[register]]>
    </system-out>
  </testcase> <!-- Addcart -->
  <system-out>
    <![CDATA[login
login
login
register
wishlist
register
Hello]]>
  </system-out>
</testsuite> <!-- selenium.advance.UsingTestNg.HelpAttributeTest -->
