<?xml version="1.0" encoding="UTF-8"?>
<!-- Generated by org.testng.reporters.JUnitReportReporter -->
<testsuite hostname="Shashank-Laptop" failures="0" tests="1" name="selenium.advance.UsingTestNg.SampleTest" time="0.001" errors="0" timestamp="2026-09-17T12:20:52 IST" skipped="0">
  <testcase classname="selenium.advance.UsingTestNg.SampleTest" name="sampletest" time="0.001">
    <system-out>
      <![CDATA[Hello]]>
    </system-out>
  </testcase> <!-- sampletest -->
  <system-out>
    <![CDATA[login
login
login
register
wishlist
register
Hello]]>
  </system-out>
</testsuite> <!-- selenium.advance.UsingTestNg.SampleTest -->
